<?xml version="1.0" encoding="UTF-8"?>
<testsuite xmlns:xsi="http://www.w3.org/2001/XMLSchema-instance" xsi:noNamespaceSchemaLocation="https://maven.apache.org/surefire/maven-surefire-plugin/xsd/surefire-test-report.xsd" version="3.0.1" name="com.oracle.AppTest" time="0.073" tests="1" errors="0" skipped="0" failures="0">
  <properties>
    <property name="java.specification.version" value="21"/>
    <property name="sun.cpu.isalist" value="amd64"/>
    <property name="sun.jnu.encoding" value="Cp1252"/>
    <property name="java.class.path" value="D:\Training\Oracle\Pune Batch\Batch-01\Artifact\Spring\Wockspace\spring-spel\target\test-classes;D:\Training\Oracle\Pune Batch\Batch-01\Artifact\Spring\Wockspace\spring-spel\target\classes;C:\Users\Makarand\.m2\repository\org\springframework\spring-context\5.3.34\spring-context-5.3.34.jar;C:\Users\Makarand\.m2\repository\org\springframework\spring-aop\5.3.34\spring-aop-5.3.34.jar;C:\Users\Makarand\.m2\repository\org\springframework\spring-beans\5.3.34\spring-beans-5.3.34.jar;C:\Users\Makarand\.m2\repository\org\springframework\spring-core\5.3.34\spring-core-5.3.34.jar;C:\Users\Makarand\.m2\repository\org\springframework\spring-jcl\5.3.34\spring-jcl-5.3.34.jar;C:\Users\Makarand\.m2\repository\org\springframework\spring-expression\5.3.34\spring-expression-5.3.34.jar;C:\Users\Makarand\.m2\repository\org\junit\jupiter\junit-jupiter-api\5.11.0\junit-jupiter-api-5.11.0.jar;C:\Users\Makarand\.m2\repository\org\opentest4j\opentest4j\1.3.0\opentest4j-1.3.0.jar;C:\Users\Makarand\.m2\repository\org\junit\platform\junit-platform-commons\1.11.0\junit-platform-commons-1.11.0.jar;C:\Users\Makarand\.m2\repository\org\apiguardian\apiguardian-api\1.1.2\apiguardian-api-1.1.2.jar;C:\Users\Makarand\.m2\repository\org\junit\jupiter\junit-jupiter-params\5.11.0\junit-jupiter-params-5.11.0.jar;"/>
    <property name="java.vm.vendor" value="Oracle Corporation"/>
    <property name="sun.arch.data.model" value="64"/>
    <property name="user.variant" value=""/>
    <property name="java.vendor.url" value="https://java.oracle.com/"/>
    <property name="user.timezone" value="Asia/Calcutta"/>
    <property name="os.name" value="Windows 11"/>
    <property name="java.vm.specification.version" value="21"/>
    <property name="sun.java.launcher" value="SUN_STANDARD"/>
    <property name="user.country" value="IN"/>
    <property name="sun.boot.library.path" value="I:\Java\OpenJDK\jdk-21.0.1\bin"/>
    <property name="sun.java.command" value="C:\Users\Makarand\AppData\Local\Temp\surefire5444158646894084244\surefirebooter-20250707183209953_3.jar C:\Users\Makarand\AppData\Local\Temp\surefire5444158646894084244 2025-07-07T18-32-08_809-jvmRun1 surefire-20250707183209953_1tmp surefire_0-20250707183209953_2tmp"/>
    <property name="jdk.debug" value="release"/>
    <property name="surefire.test.class.path" value="D:\Training\Oracle\Pune Batch\Batch-01\Artifact\Spring\Wockspace\spring-spel\target\test-classes;D:\Training\Oracle\Pune Batch\Batch-01\Artifact\Spring\Wockspace\spring-spel\target\classes;C:\Users\Makarand\.m2\repository\org\springframework\spring-context\5.3.34\spring-context-5.3.34.jar;C:\Users\Makarand\.m2\repository\org\springframework\spring-aop\5.3.34\spring-aop-5.3.34.jar;C:\Users\Makarand\.m2\repository\org\springframework\spring-beans\5.3.34\spring-beans-5.3.34.jar;C:\Users\Makarand\.m2\repository\org\springframework\spring-core\5.3.34\spring-core-5.3.34.jar;C:\Users\Makarand\.m2\repository\org\springframework\spring-jcl\5.3.34\spring-jcl-5.3.34.jar;C:\Users\Makarand\.m2\repository\org\springframework\spring-expression\5.3.34\spring-expression-5.3.34.jar;C:\Users\Makarand\.m2\repository\org\junit\jupiter\junit-jupiter-api\5.11.0\junit-jupiter-api-5.11.0.jar;C:\Users\Makarand\.m2\repository\org\opentest4j\opentest4j\1.3.0\opentest4j-1.3.0.jar;C:\Users\Makarand\.m2\repository\org\junit\platform\junit-platform-commons\1.11.0\junit-platform-commons-1.11.0.jar;C:\Users\Makarand\.m2\repository\org\apiguardian\apiguardian-api\1.1.2\apiguardian-api-1.1.2.jar;C:\Users\Makarand\.m2\repository\org\junit\jupiter\junit-jupiter-params\5.11.0\junit-jupiter-params-5.11.0.jar;"/>
    <property name="sun.cpu.endian" value="little"/>
    <property name="user.home" value="C:\Users\Makarand"/>
    <property name="user.language" value="en"/>
    <property name="java.specification.vendor" value="Oracle Corporation"/>
    <property name="java.version.date" value="2023-10-17"/>
    <property name="java.home" value="I:\Java\OpenJDK\jdk-21.0.1"/>
    <property name="file.separator" value="\"/>
    <property name="basedir" value="D:\Training\Oracle\Pune Batch\Batch-01\Artifact\Spring\Wockspace\spring-spel"/>
    <property name="java.vm.compressedOopsMode" value="Zero based"/>
    <property name="line.separator" value="&#10;"/>
    <property name="java.vm.specification.vendor" value="Oracle Corporation"/>
    <property name="java.specification.name" value="Java Platform API Specification"/>
    <property name="surefire.real.class.path" value="C:\Users\Makarand\AppData\Local\Temp\surefire5444158646894084244\surefirebooter-20250707183209953_3.jar"/>
    <property name="user.script" value=""/>
    <property name="sun.management.compiler" value="HotSpot 64-Bit Tiered Compilers"/>
    <property name="java.runtime.version" value="21.0.1+12-29"/>
    <property name="user.name" value="Makarand"/>
    <property name="stdout.encoding" value="Cp1252"/>
    <property name="path.separator" value=";"/>
    <property name="os.version" value="10.0"/>
    <property name="java.runtime.name" value="OpenJDK Runtime Environment"/>
    <property name="file.encoding" value="UTF-8"/>
    <property name="java.vm.name" value="OpenJDK 64-Bit Server VM"/>
    <property name="localRepository" value="C:\Users\Makarand\.m2\repository"/>
    <property name="java.vendor.url.bug" value="https://bugreport.java.com/bugreport/"/>
    <property name="java.io.tmpdir" value="C:\Users\Makarand\AppData\Local\Temp\"/>
    <property name="java.version" value="21.0.1"/>
    <property name="user.dir" value="D:\Training\Oracle\Pune Batch\Batch-01\Artifact\Spring\Wockspace\spring-spel"/>
    <property name="os.arch" value="amd64"/>
    <property name="java.vm.specification.name" value="Java Virtual Machine Specification"/>
    <property name="sun.os.patch.level" value=""/>
    <property name="native.encoding" value="Cp1252"/>
    <property name="java.library.path" value="I:\Java\OpenJDK\jdk-21.0.1\bin;C:\WINDOWS\Sun\Java\bin;C:\WINDOWS\system32;C:\WINDOWS;I:\Oracle\app\oracle\product\11.2.0\server\bin;C:\Program Files\Microsoft SDKs\Azure\CLI2\wbin;C:\Softwares\Database\Oracle\11g\app\oracle\product\11.2.0\server\bin;C:\Program Files (x86)\Intel\Intel(R) Management Engine Components\iCLS\;C:\Program Files\Intel\Intel(R) Management Engine Components\iCLS\;C:\WINDOWS\system32;C:\WINDOWS;C:\WINDOWS\System32\Wbem;C:\WINDOWS\System32\WindowsPowerShell\v1.0\;C:\WINDOWS\System32\OpenSSH\;C:\Program Files (x86)\Intel\Intel(R) Management Engine Components\DAL;C:\Program Files\Intel\Intel(R) Management Engine Components\DAL;C:\Program Files (x86)\Intel\Intel(R) Management Engine Components\IPT;C:\Program Files\Intel\Intel(R) Management Engine Components\IPT;C:\Program Files\Intel\WiFi\bin\;C:\Program Files\Common Files\Intel\WirelessCommon\;C:\Softwares\Maven\apache-maven-3.8.5\bin;C:\Softwares\SonarQube\sonar-scanner-2.8\bin;C:\Softwares\Spring CLI\spring-2.3.0.RELEASE\bin;C:\Softwares\Gradle\gradle-6.8.3\bin;D:\Technology\Softwares\Zoomit;I:\Git\cmd;C:\Program Files\dotnet\;C:\Program Files\Microsoft SQL Server\150\Tools\Binn\;C:\Program Files\Microsoft SQL Server\Client SDK\ODBC\170\Tools\Binn\;I:\Azure Functions Core Tools\;I:\Putty\;C:\Program Files\Azure Data Studio\bin;I:\Java\OpenJDK\jdk-21.0.1\bin\;C:\WINDOWS\system32;C:\WINDOWS;C:\WINDOWS\System32\Wbem;C:\WINDOWS\System32\WindowsPowerShell\v1.0\;C:\WINDOWS\System32\OpenSSH\;I:\Nodejs\;C:\Softwares\terraform;C:\Program Files\Amazon\AWSCLIV2\;C:\Program Files\GitHub CLI\;C:\kafka\kafka_2.13-3.9.1\bin\windows;C:\Users\Makarand\AppData\Local\Programs\Python\Python313\Scripts\;C:\Users\Makarand\AppData\Local\Programs\Python\Python313\;C:\Users\Makarand\AppData\Local\Microsoft\WindowsApps;C:\Program Files\Azure Data Studio\bin;C:\Users\Makarand\.dotnet\tools;C:\Users\Makarand\AppData\Local\Programs\Ollama;C:\Softwares\JetBrains\IntelliJ IDEA Community Edition 2024.1.4\bin;;C:\Users\Makarand\AppData\Roaming\npm;C:\Softwares\Microsoft VS Code\bin;."/>
    <property name="java.vm.info" value="mixed mode, sharing"/>
    <property name="stderr.encoding" value="Cp1252"/>
    <property name="java.vendor" value="Oracle Corporation"/>
    <property name="java.vm.version" value="21.0.1+12-29"/>
    <property name="sun.io.unicode.encoding" value="UnicodeLittle"/>
    <property name="java.class.version" value="65.0"/>
  </properties>
  <testcase name="shouldAnswerWithTrue" classname="com.oracle.AppTest" time="0.033"/>
</testsuite>